<?xml version="1.0" encoding="UTF-8"?>
<testng-results ignored="0" total="7" passed="7" failed="0" skipped="0">
  <reporter-output>
  </reporter-output>
  <suite started-at="2023-06-09T08:04:13 IST" name="Suite" finished-at="2023-06-09T08:11:24 IST" duration-ms="431177">
    <groups>
      <group name="cucumber">
        <method signature="AbstractTestNGCucumberTests.runScenario(io.cucumber.testng.PickleWrapper,io.cucumber.testng.FeatureWrapper)[pri:0, instance:testrunner.Doctor_consult_testrunner_1@4d0f2471]" name="runScenario" class="io.cucumber.testng.AbstractTestNGCucumberTests"/>
        <method signature="AbstractTestNGCucumberTests.runScenario(io.cucumber.testng.PickleWrapper,io.cucumber.testng.FeatureWrapper)[pri:0, instance:testrunner.Doctor_consult_testrunner_2@4229bb3f]" name="runScenario" class="io.cucumber.testng.AbstractTestNGCucumberTests"/>
        <method signature="AbstractTestNGCucumberTests.runScenario(io.cucumber.testng.PickleWrapper,io.cucumber.testng.FeatureWrapper)[pri:0, instance:testrunner.ExcelReader_testrunner@56cdfb3b]" name="runScenario" class="io.cucumber.testng.AbstractTestNGCucumberTests"/>
      </group> <!-- cucumber -->
    </groups>
    <test started-at="2023-06-09T08:04:13 IST" name="Test" finished-at="2023-06-09T08:11:24 IST" duration-ms="431177">
      <class name="testrunner.ExcelReader_testrunner">
        <test-method is-config="true" signature="setUpClass(org.testng.ITestContext)[pri:0, instance:testrunner.ExcelReader_testrunner@56cdfb3b]" started-at="2023-06-09T08:08:09 IST" name="setUpClass" finished-at="2023-06-09T08:08:09 IST" duration-ms="45" status="PASS">
          <params>
            <param index="0">
              <value>
                <![CDATA[org.testng.TestRunner@319b1c77]]>
              </value>
            </param>
          </params>
          <reporter-output>
          </reporter-output>
        </test-method> <!-- setUpClass -->
        <test-method signature="runScenario(io.cucumber.testng.PickleWrapper,io.cucumber.testng.FeatureWrapper)[pri:0, instance:testrunner.ExcelReader_testrunner@56cdfb3b]" started-at="2023-06-09T08:08:09 IST" name="runScenario" description="Runs Cucumber Scenarios" data-provider="scenarios" finished-at="2023-06-09T08:10:00 IST" duration-ms="111337" status="PASS">
          <params>
            <param index="0">
              <value>
                <![CDATA["Verify Login functionality with Valid registered number"]]>
              </value>
            </param>
            <param index="1">
              <value>
                <![CDATA["To Check Online Doctor Consult Page"]]>
              </value>
            </param>
          </params>
          <reporter-output>
          </reporter-output>
        </test-method> <!-- runScenario -->
        <test-method signature="runScenario(io.cucumber.testng.PickleWrapper,io.cucumber.testng.FeatureWrapper)[pri:0, instance:testrunner.ExcelReader_testrunner@56cdfb3b]" started-at="2023-06-09T08:10:00 IST" name="runScenario" description="Runs Cucumber Scenarios" data-provider="scenarios" finished-at="2023-06-09T08:11:24 IST" duration-ms="84275" status="PASS">
          <params>
            <param index="0">
              <value>
                <![CDATA["Verify Login functionality with Invalid registered number"]]>
              </value>
            </param>
            <param index="1">
              <value>
                <![CDATA["To Check Online Doctor Consult Page"]]>
              </value>
            </param>
          </params>
          <reporter-output>
          </reporter-output>
        </test-method> <!-- runScenario -->
        <test-method is-config="true" signature="tearDownClass()[pri:0, instance:testrunner.ExcelReader_testrunner@56cdfb3b]" started-at="2023-06-09T08:11:24 IST" name="tearDownClass" finished-at="2023-06-09T08:11:24 IST" duration-ms="42" status="PASS">
          <reporter-output>
          </reporter-output>
        </test-method> <!-- tearDownClass -->
      </class> <!-- testrunner.ExcelReader_testrunner -->
      <class name="testrunner.Doctor_consult_testrunner_2">
        <test-method is-config="true" signature="setUpClass(org.testng.ITestContext)[pri:0, instance:testrunner.Doctor_consult_testrunner_2@4229bb3f]" started-at="2023-06-09T08:05:40 IST" name="setUpClass" finished-at="2023-06-09T08:05:40 IST" duration-ms="36" status="PASS">
          <params>
            <param index="0">
              <value>
                <![CDATA[org.testng.TestRunner@319b1c77]]>
              </value>
            </param>
          </params>
          <reporter-output>
          </reporter-output>
        </test-method> <!-- setUpClass -->
        <test-method signature="runScenario(io.cucumber.testng.PickleWrapper,io.cucumber.testng.FeatureWrapper)[pri:0, instance:testrunner.Doctor_consult_testrunner_2@4229bb3f]" started-at="2023-06-09T08:05:40 IST" name="runScenario" description="Runs Cucumber Scenarios" data-provider="scenarios" finished-at="2023-06-09T08:07:04 IST" duration-ms="83817" status="PASS">
          <params>
            <param index="0">
              <value>
                <![CDATA["Verify Login functionality with Valid registered number"]]>
              </value>
            </param>
            <param index="1">
              <value>
                <![CDATA["To Check Online Doctor Consult Page"]]>
              </value>
            </param>
          </params>
          <reporter-output>
          </reporter-output>
        </test-method> <!-- runScenario -->
        <test-method signature="runScenario(io.cucumber.testng.PickleWrapper,io.cucumber.testng.FeatureWrapper)[pri:0, instance:testrunner.Doctor_consult_testrunner_2@4229bb3f]" started-at="2023-06-09T08:07:04 IST" name="runScenario" description="Runs Cucumber Scenarios" data-provider="scenarios" finished-at="2023-06-09T08:08:09 IST" duration-ms="65111" status="PASS">
          <params>
            <param index="0">
              <value>
                <![CDATA["Verify Login functionality with Invalid registered number"]]>
              </value>
            </param>
            <param index="1">
              <value>
                <![CDATA["To Check Online Doctor Consult Page"]]>
              </value>
            </param>
          </params>
          <reporter-output>
          </reporter-output>
        </test-method> <!-- runScenario -->
        <test-method is-config="true" signature="tearDownClass()[pri:0, instance:testrunner.Doctor_consult_testrunner_2@4229bb3f]" started-at="2023-06-09T08:08:09 IST" name="tearDownClass" finished-at="2023-06-09T08:08:09 IST" duration-ms="46" status="PASS">
          <reporter-output>
          </reporter-output>
        </test-method> <!-- tearDownClass -->
      </class> <!-- testrunner.Doctor_consult_testrunner_2 -->
      <class name="testrunner.Doctor_consult_testrunner_1">
        <test-method is-config="true" signature="setUpClass(org.testng.ITestContext)[pri:0, instance:testrunner.Doctor_consult_testrunner_1@4d0f2471]" started-at="2023-06-09T08:04:13 IST" name="setUpClass" finished-at="2023-06-09T08:04:14 IST" duration-ms="936" status="PASS">
          <params>
            <param index="0">
              <value>
                <![CDATA[org.testng.TestRunner@319b1c77]]>
              </value>
            </param>
          </params>
          <reporter-output>
          </reporter-output>
        </test-method> <!-- setUpClass -->
        <test-method signature="runScenario(io.cucumber.testng.PickleWrapper,io.cucumber.testng.FeatureWrapper)[pri:0, instance:testrunner.Doctor_consult_testrunner_1@4d0f2471]" started-at="2023-06-09T08:04:14 IST" name="runScenario" description="Runs Cucumber Scenarios" data-provider="scenarios" finished-at="2023-06-09T08:04:34 IST" duration-ms="19485" status="PASS">
          <params>
            <param index="0">
              <value>
                <![CDATA["Validate User navigates onto Doctor Consult Page"]]>
              </value>
            </param>
            <param index="1">
              <value>
                <![CDATA["Online Doctor Consultation"]]>
              </value>
            </param>
          </params>
          <reporter-output>
          </reporter-output>
        </test-method> <!-- runScenario -->
        <test-method signature="runScenario(io.cucumber.testng.PickleWrapper,io.cucumber.testng.FeatureWrapper)[pri:0, instance:testrunner.Doctor_consult_testrunner_1@4d0f2471]" started-at="2023-06-09T08:04:34 IST" name="runScenario" description="Runs Cucumber Scenarios" data-provider="scenarios" finished-at="2023-06-09T08:05:00 IST" duration-ms="25812" status="PASS">
          <params>
            <param index="0">
              <value>
                <![CDATA["   Validate Doctor Consult page UI"]]>
              </value>
            </param>
            <param index="1">
              <value>
                <![CDATA["Online Doctor Consultation"]]>
              </value>
            </param>
          </params>
          <reporter-output>
          </reporter-output>
        </test-method> <!-- runScenario -->
        <test-method signature="runScenario(io.cucumber.testng.PickleWrapper,io.cucumber.testng.FeatureWrapper)[pri:0, instance:testrunner.Doctor_consult_testrunner_1@4d0f2471]" started-at="2023-06-09T08:05:00 IST" name="runScenario" description="Runs Cucumber Scenarios" data-provider="scenarios" finished-at="2023-06-09T08:05:40 IST" duration-ms="40052" status="PASS">
          <params>
            <param index="0">
              <value>
                <![CDATA["   Validate Sort By on Doctor Consult Page"]]>
              </value>
            </param>
            <param index="1">
              <value>
                <![CDATA["Online Doctor Consultation"]]>
              </value>
            </param>
          </params>
          <reporter-output>
          </reporter-output>
        </test-method> <!-- runScenario -->
        <test-method is-config="true" signature="tearDownClass()[pri:0, instance:testrunner.Doctor_consult_testrunner_1@4d0f2471]" started-at="2023-06-09T08:05:40 IST" name="tearDownClass" finished-at="2023-06-09T08:05:40 IST" duration-ms="112" status="PASS">
          <reporter-output>
          </reporter-output>
        </test-method> <!-- tearDownClass -->
      </class> <!-- testrunner.Doctor_consult_testrunner_1 -->
    </test> <!-- Test -->
  </suite> <!-- Suite -->
</testng-results>
