<?xml version="1.0" encoding="UTF-8"?>
<testng-results ignored="0" total="2" passed="2" failed="0" skipped="0">
  <reporter-output>
  </reporter-output>
  <suite started-at="2023-06-09T07:53:02 IST" name="Default suite" finished-at="2023-06-09T07:56:22 IST" duration-ms="200312">
    <groups>
      <group name="cucumber">
        <method signature="AbstractTestNGCucumberTests.runScenario(io.cucumber.testng.PickleWrapper,io.cucumber.testng.FeatureWrapper)[pri:0, instance:testrunner.ExcelReader_testrunner@5524cca1]" name="runScenario" class="io.cucumber.testng.AbstractTestNGCucumberTests"/>
      </group> <!-- cucumber -->
    </groups>
    <test started-at="2023-06-09T07:53:02 IST" name="Default test" finished-at="2023-06-09T07:56:22 IST" duration-ms="200312">
      <class name="testrunner.ExcelReader_testrunner">
        <test-method is-config="true" signature="setUpClass(org.testng.ITestContext)[pri:0, instance:testrunner.ExcelReader_testrunner@5524cca1]" started-at="2023-06-09T07:53:02 IST" name="setUpClass" finished-at="2023-06-09T07:53:03 IST" duration-ms="975" status="PASS">
          <params>
            <param index="0">
              <value>
                <![CDATA[org.testng.TestRunner@320ff86f]]>
              </value>
            </param>
          </params>
          <reporter-output>
          </reporter-output>
        </test-method> <!-- setUpClass -->
        <test-method signature="runScenario(io.cucumber.testng.PickleWrapper,io.cucumber.testng.FeatureWrapper)[pri:0, instance:testrunner.ExcelReader_testrunner@5524cca1]" started-at="2023-06-09T07:53:03 IST" name="runScenario" description="Runs Cucumber Scenarios" data-provider="scenarios" finished-at="2023-06-09T07:54:57 IST" duration-ms="113977" status="PASS">
          <params>
            <param index="0">
              <value>
                <![CDATA["Verify Login functionality with Valid registered number"]]>
              </value>
            </param>
            <param index="1">
              <value>
                <![CDATA["To Check Online Doctor Consult Page"]]>
              </value>
            </param>
          </params>
          <reporter-output>
          </reporter-output>
        </test-method> <!-- runScenario -->
        <test-method signature="runScenario(io.cucumber.testng.PickleWrapper,io.cucumber.testng.FeatureWrapper)[pri:0, instance:testrunner.ExcelReader_testrunner@5524cca1]" started-at="2023-06-09T07:54:57 IST" name="runScenario" description="Runs Cucumber Scenarios" data-provider="scenarios" finished-at="2023-06-09T07:56:22 IST" duration-ms="85148" status="PASS">
          <params>
            <param index="0">
              <value>
                <![CDATA["Verify Login functionality with Invalid registered number"]]>
              </value>
            </param>
            <param index="1">
              <value>
                <![CDATA["To Check Online Doctor Consult Page"]]>
              </value>
            </param>
          </params>
          <reporter-output>
          </reporter-output>
        </test-method> <!-- runScenario -->
        <test-method is-config="true" signature="tearDownClass()[pri:0, instance:testrunner.ExcelReader_testrunner@5524cca1]" started-at="2023-06-09T07:56:22 IST" name="tearDownClass" finished-at="2023-06-09T07:56:22 IST" duration-ms="144" status="PASS">
          <reporter-output>
          </reporter-output>
        </test-method> <!-- tearDownClass -->
      </class> <!-- testrunner.ExcelReader_testrunner -->
    </test> <!-- Default test -->
  </suite> <!-- Default suite -->
</testng-results>
